2023-12-01 10:47:32.290  INFO 2728 --- [main] com.sxtreh.WebSxtrehApplication          : Starting WebSxtrehApplication using Java 17.0.8 on DESKTOP-IJ61QCR with PID 2728 (D:\Project\JavaProject\xiao-xs-personal-main-website\web-user-manage\target\classes started by X in D:\Project\JavaProject\xiao-xs-personal-main-website)
2023-12-01 10:47:32.292  INFO 2728 --- [main] com.sxtreh.WebSxtrehApplication          : The following 1 profile is active: "dev"
2023-12-01 10:47:33.011  INFO 2728 --- [main] .s.d.r.c.RepositoryConfigurationDelegate : Multiple Spring Data modules found, entering strict repository configuration mode
2023-12-01 10:47:33.014  INFO 2728 --- [main] .s.d.r.c.RepositoryConfigurationDelegate : Bootstrapping Spring Data Redis repositories in DEFAULT mode.
2023-12-01 10:47:33.038  INFO 2728 --- [main] .s.d.r.c.RepositoryConfigurationDelegate : Finished Spring Data repository scanning in 11 ms. Found 0 Redis repository interfaces.
2023-12-01 10:47:33.805  INFO 2728 --- [main] o.s.b.w.embedded.tomcat.TomcatWebServer  : Tomcat initialized with port(s): 8080 (http)
2023-12-01 10:47:33.813  INFO 2728 --- [main] o.apache.catalina.core.StandardService   : Starting service [Tomcat]
2023-12-01 10:47:33.813  INFO 2728 --- [main] org.apache.catalina.core.StandardEngine  : Starting Servlet engine: [Apache Tomcat/9.0.80]
2023-12-01 10:47:33.931  INFO 2728 --- [main] o.a.c.c.C.[Tomcat].[localhost].[/]       : Initializing Spring embedded WebApplicationContext
2023-12-01 10:47:33.932  INFO 2728 --- [main] w.s.c.ServletWebServerApplicationContext : Root WebApplicationContext: initialization completed in 1600 ms
2023-12-01 10:47:34.085  INFO 2728 --- [main] c.a.d.s.b.a.DruidDataSourceAutoConfigure : Init DruidDataSource
2023-12-01 10:47:34.208  INFO 2728 --- [main] com.alibaba.druid.pool.DruidDataSource   : {dataSource-1} inited
2023-12-01 10:47:35.100  INFO 2728 --- [main] com.sxtreh.config.WebMvcConfiguration    : 自动配置Api文档
2023-12-01 10:47:35.138  INFO 2728 --- [main] com.sxtreh.config.WebMvcConfiguration    : 配置静态资源
2023-12-01 10:47:35.604  INFO 2728 --- [main] o.s.b.w.embedded.tomcat.TomcatWebServer  : Tomcat started on port(s): 8080 (http) with context path ''
2023-12-01 10:47:35.841  INFO 2728 --- [main] com.sxtreh.WebSxtrehApplication          : Started WebSxtrehApplication in 3.924 seconds (JVM running for 4.506)
2023-12-01 10:47:41.202  INFO 2728 --- [SpringApplicationShutdownHook] com.alibaba.druid.pool.DruidDataSource   : {dataSource-1} closing ...
2023-12-01 10:47:41.203  INFO 2728 --- [SpringApplicationShutdownHook] com.alibaba.druid.pool.DruidDataSource   : {dataSource-1} closed
2023-12-01 10:52:59.952 {main} INFO  com.sxtreh.WebSxtrehApplication - Starting WebSxtrehApplication using Java 17.0.8 on DESKTOP-IJ61QCR with PID 10732 (D:\Project\JavaProject\xiao-xs-personal-main-website\web-user-manage\target\classes started by X in D:\Project\JavaProject\xiao-xs-personal-main-website)
2023-12-01 10:52:59.954 {main} INFO  com.sxtreh.WebSxtrehApplication - The following 1 profile is active: "dev"
2023-12-01 10:53:00.616 {main} INFO  o.s.d.r.c.RepositoryConfigurationDelegate - Multiple Spring Data modules found, entering strict repository configuration mode
2023-12-01 10:53:00.617 {main} INFO  o.s.d.r.c.RepositoryConfigurationDelegate - Bootstrapping Spring Data Redis repositories in DEFAULT mode.
2023-12-01 10:53:00.638 {main} INFO  o.s.d.r.c.RepositoryConfigurationDelegate - Finished Spring Data repository scanning in 10 ms. Found 0 Redis repository interfaces.
2023-12-01 10:53:01.335 {main} INFO  o.s.b.w.e.tomcat.TomcatWebServer - Tomcat initialized with port(s): 8080 (http)
2023-12-01 10:53:01.343 {main} INFO  o.a.catalina.core.StandardService - Starting service [Tomcat]
2023-12-01 10:53:01.343 {main} INFO  o.a.catalina.core.StandardEngine - Starting Servlet engine: [Apache Tomcat/9.0.80]
2023-12-01 10:53:01.454 {main} INFO  o.a.c.c.C.[Tomcat].[localhost].[/] - Initializing Spring embedded WebApplicationContext
2023-12-01 10:53:01.455 {main} INFO  o.s.b.w.s.c.ServletWebServerApplicationContext - Root WebApplicationContext: initialization completed in 1464 ms
2023-12-01 10:53:01.595 {main} INFO  c.a.d.s.b.a.DruidDataSourceAutoConfigure - Init DruidDataSource
2023-12-01 10:53:01.702 {main} INFO  c.alibaba.druid.pool.DruidDataSource - {dataSource-1} inited
2023-12-01 10:53:02.514 {main} INFO  c.sxtreh.config.WebMvcConfiguration - 自动配置Api文档
2023-12-01 10:53:02.554 {main} INFO  c.sxtreh.config.WebMvcConfiguration - 配置静态资源
2023-12-01 10:53:02.998 {main} INFO  o.s.b.w.e.tomcat.TomcatWebServer - Tomcat started on port(s): 8080 (http) with context path ''
2023-12-01 10:53:03.257 {main} INFO  com.sxtreh.WebSxtrehApplication - Started WebSxtrehApplication in 3.665 seconds (JVM running for 4.264)
2023-12-01 10:53:40.235 {http-nio-8080-exec-2} INFO  o.a.c.c.C.[Tomcat].[localhost].[/] - Initializing Spring DispatcherServlet 'dispatcherServlet'
2023-12-01 10:53:40.235 {http-nio-8080-exec-2} INFO  o.s.web.servlet.DispatcherServlet - Initializing Servlet 'dispatcherServlet'
2023-12-01 10:53:40.236 {http-nio-8080-exec-2} INFO  o.s.web.servlet.DispatcherServlet - Completed initialization in 1 ms
2023-12-01 10:53:52.498 {http-nio-8080-exec-3} INFO  c.s.interceptor.JwtTokenInterceptor - jwt校验:{{token}}
2023-12-01 10:53:52.505 {http-nio-8080-exec-3} INFO  c.s.handler.GlobalExceptionHandler - 用户未登录
2023-12-01 10:54:37.626 {http-nio-8080-exec-5} INFO  c.s.interceptor.JwtTokenInterceptor - jwt校验:eyJhbGciOiJIUzI1NiJ9.eyJleHAiOjE3MDE0ODU2MzcsInVzZXJJZCI6MX0.hvngJXnXdqO8a9-aIwmjxLfrOKYQRLSgX3DoqQH6TU4
2023-12-01 10:54:37.636 {http-nio-8080-exec-5} INFO  c.s.interceptor.JwtTokenInterceptor - 当前用户id：
2023-12-01 10:54:58.387 {http-nio-8080-exec-6} INFO  c.s.handler.GlobalExceptionHandler - 参数错误
2023-12-01 10:56:19.789 {http-nio-8080-exec-10} INFO  c.s.interceptor.JwtTokenInterceptor - jwt校验:eyJhbGciOiJIUzI1NiJ9.eyJleHAiOjE3MDE0ODU2MzcsInVzZXJJZCI6MX0.hvngJXnXdqO8a9-aIwmjxLfrOKYQRLSgX3DoqQH6TU4
2023-12-01 10:56:19.791 {http-nio-8080-exec-10} INFO  c.s.interceptor.JwtTokenInterceptor - 当前用户id：
2023-12-01 10:56:19.848 {http-nio-8080-exec-10} ERROR c.a.d.pool.DruidAbstractDataSource - discard long time none received connection. , jdbcUrl : jdbc:mysql://192.168.1.109:3306/web?serverTimezone=Asia/Shanghai&useUnicode=true&characterEncoding=utf-8&zeroDateTimeBehavior=convertToNull&useSSL=false&allowPublicKeyRetrieval=true, jdbcUrl : jdbc:mysql://192.168.1.109:3306/web?serverTimezone=Asia/Shanghai&useUnicode=true&characterEncoding=utf-8&zeroDateTimeBehavior=convertToNull&useSSL=false&allowPublicKeyRetrieval=true, lastPacketReceivedIdleMillis : 79239
2023-12-01 10:56:19.859 {http-nio-8080-exec-10} INFO  c.s.handler.GlobalExceptionHandler - 请求数据不存在
2023-12-01 10:56:26.079 {http-nio-8080-exec-1} INFO  c.s.interceptor.JwtTokenInterceptor - jwt校验:eyJhbGciOiJIUzI1NiJ9.eyJleHAiOjE3MDE0ODU2MzcsInVzZXJJZCI6MX0.hvngJXnXdqO8a9-aIwmjxLfrOKYQRLSgX3DoqQH6TU4
2023-12-01 10:56:26.079 {http-nio-8080-exec-1} INFO  c.s.interceptor.JwtTokenInterceptor - 当前用户id：
2023-12-01 10:56:26.084 {http-nio-8080-exec-1} INFO  c.s.handler.GlobalExceptionHandler - 请求数据不存在
2023-12-01 10:56:36.830 {http-nio-8080-exec-2} INFO  c.s.interceptor.JwtTokenInterceptor - jwt校验:eyJhbGciOiJIUzI1NiJ9.eyJleHAiOjE3MDE0ODU2MzcsInVzZXJJZCI6MX0.hvngJXnXdqO8a9-aIwmjxLfrOKYQRLSgX3DoqQH6TU4
2023-12-01 10:56:36.831 {http-nio-8080-exec-2} INFO  c.s.interceptor.JwtTokenInterceptor - 当前用户id：
2023-12-01 10:56:36.835 {http-nio-8080-exec-2} INFO  com.sxtreh.aspect.AutoFillAspect - 自动填充时间参数
2023-12-01 11:08:53.854 {SpringApplicationShutdownHook} INFO  c.alibaba.druid.pool.DruidDataSource - {dataSource-1} closing ...
2023-12-01 11:08:53.857 {SpringApplicationShutdownHook} INFO  c.alibaba.druid.pool.DruidDataSource - {dataSource-1} closed
2023-12-01 11:08:57.123 {main} INFO  com.sxtreh.WebSxtrehApplication - Starting WebSxtrehApplication using Java 17.0.8 on DESKTOP-IJ61QCR with PID 11644 (D:\Project\JavaProject\xiao-xs-personal-main-website\web-user-manage\target\classes started by X in D:\Project\JavaProject\xiao-xs-personal-main-website)
2023-12-01 11:08:57.125 {main} INFO  com.sxtreh.WebSxtrehApplication - The following 1 profile is active: "dev"
2023-12-01 11:08:57.781 {main} INFO  o.s.d.r.c.RepositoryConfigurationDelegate - Multiple Spring Data modules found, entering strict repository configuration mode
2023-12-01 11:08:57.783 {main} INFO  o.s.d.r.c.RepositoryConfigurationDelegate - Bootstrapping Spring Data Redis repositories in DEFAULT mode.
2023-12-01 11:08:57.805 {main} INFO  o.s.d.r.c.RepositoryConfigurationDelegate - Finished Spring Data repository scanning in 11 ms. Found 0 Redis repository interfaces.
2023-12-01 11:08:58.574 {main} INFO  o.s.b.w.e.tomcat.TomcatWebServer - Tomcat initialized with port(s): 8080 (http)
2023-12-01 11:08:58.582 {main} INFO  o.a.catalina.core.StandardService - Starting service [Tomcat]
2023-12-01 11:08:58.582 {main} INFO  o.a.catalina.core.StandardEngine - Starting Servlet engine: [Apache Tomcat/9.0.80]
2023-12-01 11:08:58.695 {main} INFO  o.a.c.c.C.[Tomcat].[localhost].[/] - Initializing Spring embedded WebApplicationContext
2023-12-01 11:08:58.695 {main} INFO  o.s.b.w.s.c.ServletWebServerApplicationContext - Root WebApplicationContext: initialization completed in 1533 ms
2023-12-01 11:08:58.870 {main} INFO  c.a.d.s.b.a.DruidDataSourceAutoConfigure - Init DruidDataSource
2023-12-01 11:08:58.971 {main} INFO  c.alibaba.druid.pool.DruidDataSource - {dataSource-1} inited
2023-12-01 11:08:59.505 {main} INFO  com.sxtreh.aspect.LogAspect - 未登录用户访问方法redisTemplate,参数为: [Ljava.lang.Object;@47c5cbf2
2023-12-01 11:08:59.907 {main} INFO  c.sxtreh.config.WebMvcConfiguration - 自动配置Api文档
2023-12-01 11:08:59.910 {main} INFO  com.sxtreh.aspect.LogAspect - 未登录用户访问方法docketUserManage,参数为: [Ljava.lang.Object;@36b761e3
2023-12-01 11:08:59.955 {main} INFO  c.sxtreh.config.WebMvcConfiguration - 配置静态资源
2023-12-01 11:09:00.558 {main} INFO  o.s.b.w.e.tomcat.TomcatWebServer - Tomcat started on port(s): 8080 (http) with context path ''
2023-12-01 11:09:00.806 {main} INFO  com.sxtreh.WebSxtrehApplication - Started WebSxtrehApplication in 4.036 seconds (JVM running for 4.621)
2023-12-01 11:09:37.191 {http-nio-8080-exec-2} INFO  o.a.c.c.C.[Tomcat].[localhost].[/] - Initializing Spring DispatcherServlet 'dispatcherServlet'
2023-12-01 11:09:37.191 {http-nio-8080-exec-2} INFO  o.s.web.servlet.DispatcherServlet - Initializing Servlet 'dispatcherServlet'
2023-12-01 11:09:37.193 {http-nio-8080-exec-2} INFO  o.s.web.servlet.DispatcherServlet - Completed initialization in 2 ms
2023-12-01 11:09:37.207 {http-nio-8080-exec-2} INFO  com.sxtreh.aspect.LogAspect - 未登录用户访问方法getUserTokenName,参数为: [Ljava.lang.Object;@4e9ba11c
2023-12-01 11:09:37.207 {http-nio-8080-exec-2} INFO  c.s.interceptor.JwtTokenInterceptor - jwt校验:eyJhbGciOiJIUzI1NiJ9.eyJleHAiOjE3MDE0ODU2MzcsInVzZXJJZCI6MX0.hvngJXnXdqO8a9-aIwmjxLfrOKYQRLSgX3DoqQH6TU4
2023-12-01 11:09:37.208 {http-nio-8080-exec-2} INFO  com.sxtreh.aspect.LogAspect - 未登录用户访问方法getUserSecretKey,参数为: [Ljava.lang.Object;@5209e448
2023-12-01 11:09:37.246 {http-nio-8080-exec-2} INFO  c.s.interceptor.JwtTokenInterceptor - 当前用户id：
2023-12-01 11:09:37.247 {http-nio-8080-exec-2} INFO  com.sxtreh.aspect.LogAspect - 用户1访问方法preHandle,参数为: [Ljava.lang.Object;@212f688c
2023-12-01 11:09:37.289 {http-nio-8080-exec-2} INFO  com.sxtreh.aspect.AutoFillAspect - 自动填充时间参数
2023-12-01 11:09:37.476 {http-nio-8080-exec-2} INFO  com.sxtreh.aspect.LogAspect - 用户1访问方法insert,参数为: [Ljava.lang.Object;@5e8c015f
2023-12-01 11:09:37.476 {http-nio-8080-exec-2} INFO  com.sxtreh.aspect.LogAspect - 用户1访问方法saveCatalog,参数为: [Ljava.lang.Object;@e7b29ec
2023-12-01 11:09:37.477 {http-nio-8080-exec-2} INFO  com.sxtreh.aspect.LogAspect - 用户1访问方法saveCatalog,参数为: [Ljava.lang.Object;@2a545b6
2023-12-01 11:15:03.984 {http-nio-8080-exec-5} INFO  com.sxtreh.aspect.LogAspect - 未登录用户访问方法getUserTokenName,参数为: [Ljava.lang.Object;@1ca4e252
2023-12-01 11:15:03.984 {http-nio-8080-exec-5} INFO  c.s.interceptor.JwtTokenInterceptor - jwt校验:eyJhbGciOiJIUzI1NiJ9.eyJleHAiOjE3MDE0ODU2MzcsInVzZXJJZCI6MX0.hvngJXnXdqO8a9-aIwmjxLfrOKYQRLSgX3DoqQH6TU4
2023-12-01 11:15:03.985 {http-nio-8080-exec-5} INFO  com.sxtreh.aspect.LogAspect - 未登录用户访问方法getUserSecretKey,参数为: [Ljava.lang.Object;@12630fb6
2023-12-01 11:15:03.985 {http-nio-8080-exec-5} INFO  c.s.interceptor.JwtTokenInterceptor - 当前用户id：
2023-12-01 11:15:03.986 {http-nio-8080-exec-5} INFO  com.sxtreh.aspect.LogAspect - 用户1访问方法preHandle,参数为: [Ljava.lang.Object;@165c8922
2023-12-01 11:15:03.986 {http-nio-8080-exec-5} INFO  com.sxtreh.aspect.AutoFillAspect - 自动填充时间参数
2023-12-01 11:15:03.996 {http-nio-8080-exec-5} ERROR c.a.d.pool.DruidAbstractDataSource - discard long time none received connection. , jdbcUrl : jdbc:mysql://192.168.1.109:3306/web?serverTimezone=Asia/Shanghai&useUnicode=true&characterEncoding=utf-8&zeroDateTimeBehavior=convertToNull&useSSL=false&allowPublicKeyRetrieval=true, jdbcUrl : jdbc:mysql://192.168.1.109:3306/web?serverTimezone=Asia/Shanghai&useUnicode=true&characterEncoding=utf-8&zeroDateTimeBehavior=convertToNull&useSSL=false&allowPublicKeyRetrieval=true, lastPacketReceivedIdleMillis : 326526
2023-12-01 11:15:04.017 {http-nio-8080-exec-5} INFO  com.sxtreh.aspect.LogAspect - 用户1访问方法insert,参数为: [Ljava.lang.Object;@471ba1b
2023-12-01 11:15:04.017 {http-nio-8080-exec-5} INFO  com.sxtreh.aspect.LogAspect - 用户1访问方法saveCatalog,参数为: [Ljava.lang.Object;@2a192e67
2023-12-01 11:15:04.018 {http-nio-8080-exec-5} INFO  com.sxtreh.aspect.LogAspect - 用户1访问方法saveCatalog,参数为: [Ljava.lang.Object;@3a848d
2023-12-01 11:17:33.445 {SpringApplicationShutdownHook} INFO  c.alibaba.druid.pool.DruidDataSource - {dataSource-1} closing ...
2023-12-01 11:17:33.447 {SpringApplicationShutdownHook} INFO  c.alibaba.druid.pool.DruidDataSource - {dataSource-1} closed
2023-12-01 11:17:36.719 {main} INFO  com.sxtreh.WebSxtrehApplication - Starting WebSxtrehApplication using Java 17.0.8 on DESKTOP-IJ61QCR with PID 6264 (D:\Project\JavaProject\xiao-xs-personal-main-website\web-user-manage\target\classes started by X in D:\Project\JavaProject\xiao-xs-personal-main-website)
2023-12-01 11:17:36.721 {main} INFO  com.sxtreh.WebSxtrehApplication - The following 1 profile is active: "dev"
2023-12-01 11:17:37.363 {main} INFO  o.s.d.r.c.RepositoryConfigurationDelegate - Multiple Spring Data modules found, entering strict repository configuration mode
2023-12-01 11:17:37.365 {main} INFO  o.s.d.r.c.RepositoryConfigurationDelegate - Bootstrapping Spring Data Redis repositories in DEFAULT mode.
2023-12-01 11:17:37.387 {main} INFO  o.s.d.r.c.RepositoryConfigurationDelegate - Finished Spring Data repository scanning in 11 ms. Found 0 Redis repository interfaces.
2023-12-01 11:17:38.113 {main} INFO  o.s.b.w.e.tomcat.TomcatWebServer - Tomcat initialized with port(s): 8080 (http)
2023-12-01 11:17:38.120 {main} INFO  o.a.catalina.core.StandardService - Starting service [Tomcat]
2023-12-01 11:17:38.120 {main} INFO  o.a.catalina.core.StandardEngine - Starting Servlet engine: [Apache Tomcat/9.0.80]
2023-12-01 11:17:38.230 {main} INFO  o.a.c.c.C.[Tomcat].[localhost].[/] - Initializing Spring embedded WebApplicationContext
2023-12-01 11:17:38.230 {main} INFO  o.s.b.w.s.c.ServletWebServerApplicationContext - Root WebApplicationContext: initialization completed in 1474 ms
2023-12-01 11:17:38.403 {main} INFO  c.a.d.s.b.a.DruidDataSourceAutoConfigure - Init DruidDataSource
2023-12-01 11:17:38.507 {main} INFO  c.alibaba.druid.pool.DruidDataSource - {dataSource-1} inited
2023-12-01 11:17:39.026 {main} INFO  com.sxtreh.aspect.LogAspect - 未登录用户访问方法 redisTemplate,参数为: [Ljava.lang.Object;@68f79b7c
2023-12-01 11:17:39.425 {main} INFO  c.sxtreh.config.WebMvcConfiguration - 自动配置Api文档
2023-12-01 11:17:39.427 {main} INFO  com.sxtreh.aspect.LogAspect - 未登录用户访问方法 docketUserManage,参数为: [Ljava.lang.Object;@34cfdd84
2023-12-01 11:17:39.471 {main} INFO  c.sxtreh.config.WebMvcConfiguration - 配置静态资源
2023-12-01 11:17:40.055 {main} INFO  o.s.b.w.e.tomcat.TomcatWebServer - Tomcat started on port(s): 8080 (http) with context path ''
2023-12-01 11:17:40.298 {main} INFO  com.sxtreh.WebSxtrehApplication - Started WebSxtrehApplication in 3.923 seconds (JVM running for 4.487)
2023-12-01 11:18:09.308 {http-nio-8080-exec-1} INFO  o.a.c.c.C.[Tomcat].[localhost].[/] - Initializing Spring DispatcherServlet 'dispatcherServlet'
2023-12-01 11:18:09.309 {http-nio-8080-exec-1} INFO  o.s.web.servlet.DispatcherServlet - Initializing Servlet 'dispatcherServlet'
2023-12-01 11:18:09.309 {http-nio-8080-exec-1} INFO  o.s.web.servlet.DispatcherServlet - Completed initialization in 0 ms
2023-12-01 11:18:09.324 {http-nio-8080-exec-1} INFO  com.sxtreh.aspect.LogAspect - 未登录用户访问方法 getUserTokenName,参数为: [Ljava.lang.Object;@15ada598
2023-12-01 11:18:09.324 {http-nio-8080-exec-1} INFO  c.s.interceptor.JwtTokenInterceptor - jwt校验:eyJhbGciOiJIUzI1NiJ9.eyJleHAiOjE3MDE0ODU2MzcsInVzZXJJZCI6MX0.hvngJXnXdqO8a9-aIwmjxLfrOKYQRLSgX3DoqQH6TU4
2023-12-01 11:18:09.326 {http-nio-8080-exec-1} INFO  com.sxtreh.aspect.LogAspect - 未登录用户访问方法 getUserSecretKey,参数为: [Ljava.lang.Object;@aac6b7f
2023-12-01 11:18:09.363 {http-nio-8080-exec-1} INFO  c.s.interceptor.JwtTokenInterceptor - 当前用户id：
2023-12-01 11:18:09.363 {http-nio-8080-exec-1} INFO  com.sxtreh.aspect.LogAspect - 用户1访问方法 preHandle,参数为: [Ljava.lang.Object;@abe688f
2023-12-01 11:18:09.530 {http-nio-8080-exec-1} INFO  com.sxtreh.aspect.LogAspect - 用户1访问方法 selectById,参数为: [Ljava.lang.Object;@3a7e1da0
2023-12-01 11:18:09.530 {http-nio-8080-exec-1} INFO  com.sxtreh.aspect.LogAspect - 用户1访问方法 info,参数为: [Ljava.lang.Object;@48dab3c3
2023-12-01 11:18:09.534 {http-nio-8080-exec-1} INFO  com.sxtreh.aspect.LogAspect - 用户1访问方法 info,参数为: [Ljava.lang.Object;@4b458dd7
2023-12-01 11:19:28.311 {http-nio-8080-exec-5} INFO  com.sxtreh.aspect.LogAspect - 未登录用户访问方法 getUserTokenName,参数为: [Ljava.lang.Object;@50de3d45
2023-12-01 11:19:28.312 {http-nio-8080-exec-5} INFO  c.s.interceptor.JwtTokenInterceptor - jwt校验:eyJhbGciOiJIUzI1NiJ9.eyJleHAiOjE3MDE0ODU2MzcsInVzZXJJZCI6MX0.hvngJXnXdqO8a9-aIwmjxLfrOKYQRLSgX3DoqQH6TU4
2023-12-01 11:19:28.312 {http-nio-8080-exec-5} INFO  com.sxtreh.aspect.LogAspect - 未登录用户访问方法 getUserSecretKey,参数为: [Ljava.lang.Object;@5e19c92e
2023-12-01 11:19:28.312 {http-nio-8080-exec-5} INFO  c.s.interceptor.JwtTokenInterceptor - 当前用户id：
2023-12-01 11:19:28.312 {http-nio-8080-exec-5} INFO  com.sxtreh.aspect.LogAspect - 用户1访问方法 preHandle,参数为: [Ljava.lang.Object;@5a265635
2023-12-01 11:19:28.346 {http-nio-8080-exec-5} INFO  com.sxtreh.aspect.AutoFillAspect - 自动填充时间参数
2023-12-01 11:19:28.374 {http-nio-8080-exec-5} ERROR c.a.d.pool.DruidAbstractDataSource - discard long time none received connection. , jdbcUrl : jdbc:mysql://192.168.1.109:3306/web?serverTimezone=Asia/Shanghai&useUnicode=true&characterEncoding=utf-8&zeroDateTimeBehavior=convertToNull&useSSL=false&allowPublicKeyRetrieval=true, jdbcUrl : jdbc:mysql://192.168.1.109:3306/web?serverTimezone=Asia/Shanghai&useUnicode=true&characterEncoding=utf-8&zeroDateTimeBehavior=convertToNull&useSSL=false&allowPublicKeyRetrieval=true, lastPacketReceivedIdleMillis : 78844
2023-12-01 11:19:28.396 {http-nio-8080-exec-5} INFO  com.sxtreh.aspect.LogAspect - 用户1访问方法 insert,参数为: [Ljava.lang.Object;@131183aa
2023-12-01 11:19:28.396 {http-nio-8080-exec-5} INFO  com.sxtreh.aspect.LogAspect - 用户1访问方法 saveCatalog,参数为: [Ljava.lang.Object;@3713ec3b
2023-12-01 11:19:28.396 {http-nio-8080-exec-5} INFO  com.sxtreh.aspect.LogAspect - 用户1访问方法 saveCatalog,参数为: [Ljava.lang.Object;@3ad94ba8
2023-12-01 11:22:05.462 {SpringApplicationShutdownHook} INFO  c.alibaba.druid.pool.DruidDataSource - {dataSource-1} closing ...
2023-12-01 11:22:05.466 {SpringApplicationShutdownHook} INFO  c.alibaba.druid.pool.DruidDataSource - {dataSource-1} closed
2023-12-01 11:22:09.232 {main} INFO  com.sxtreh.WebSxtrehApplication - Starting WebSxtrehApplication using Java 17.0.8 on DESKTOP-IJ61QCR with PID 13528 (D:\Project\JavaProject\xiao-xs-personal-main-website\web-user-manage\target\classes started by X in D:\Project\JavaProject\xiao-xs-personal-main-website)
2023-12-01 11:22:09.234 {main} INFO  com.sxtreh.WebSxtrehApplication - The following 1 profile is active: "dev"
2023-12-01 11:22:10.051 {main} INFO  o.s.d.r.c.RepositoryConfigurationDelegate - Multiple Spring Data modules found, entering strict repository configuration mode
2023-12-01 11:22:10.055 {main} INFO  o.s.d.r.c.RepositoryConfigurationDelegate - Bootstrapping Spring Data Redis repositories in DEFAULT mode.
2023-12-01 11:22:10.081 {main} INFO  o.s.d.r.c.RepositoryConfigurationDelegate - Finished Spring Data repository scanning in 12 ms. Found 0 Redis repository interfaces.
2023-12-01 11:22:10.961 {main} INFO  o.s.b.w.e.tomcat.TomcatWebServer - Tomcat initialized with port(s): 8080 (http)
2023-12-01 11:22:10.970 {main} INFO  o.a.catalina.core.StandardService - Starting service [Tomcat]
2023-12-01 11:22:10.970 {main} INFO  o.a.catalina.core.StandardEngine - Starting Servlet engine: [Apache Tomcat/9.0.80]
2023-12-01 11:22:11.087 {main} INFO  o.a.c.c.C.[Tomcat].[localhost].[/] - Initializing Spring embedded WebApplicationContext
2023-12-01 11:22:11.087 {main} INFO  o.s.b.w.s.c.ServletWebServerApplicationContext - Root WebApplicationContext: initialization completed in 1813 ms
2023-12-01 11:22:11.262 {main} INFO  c.a.d.s.b.a.DruidDataSourceAutoConfigure - Init DruidDataSource
2023-12-01 11:22:11.361 {main} INFO  c.alibaba.druid.pool.DruidDataSource - {dataSource-1} inited
2023-12-01 11:22:12.392 {main} INFO  c.sxtreh.config.WebMvcConfiguration - 自动配置Api文档
2023-12-01 11:22:12.453 {main} INFO  c.sxtreh.config.WebMvcConfiguration - 配置静态资源
2023-12-01 11:22:13.166 {main} INFO  o.s.b.w.e.tomcat.TomcatWebServer - Tomcat started on port(s): 8080 (http) with context path ''
2023-12-01 11:22:13.418 {main} INFO  com.sxtreh.WebSxtrehApplication - Started WebSxtrehApplication in 4.559 seconds (JVM running for 5.167)
2023-12-01 11:22:20.310 {http-nio-8080-exec-1} INFO  o.a.c.c.C.[Tomcat].[localhost].[/] - Initializing Spring DispatcherServlet 'dispatcherServlet'
2023-12-01 11:22:20.310 {http-nio-8080-exec-1} INFO  o.s.web.servlet.DispatcherServlet - Initializing Servlet 'dispatcherServlet'
2023-12-01 11:22:20.312 {http-nio-8080-exec-1} INFO  o.s.web.servlet.DispatcherServlet - Completed initialization in 2 ms
2023-12-01 11:22:20.618 {http-nio-8080-exec-1} INFO  com.sxtreh.aspect.LogAspect - 未登录用户访问方法 login,参数为: [Ljava.lang.Object;@311cb40
2023-12-01 11:22:28.604 {http-nio-8080-exec-3} INFO  com.sxtreh.aspect.LogAspect - 未登录用户访问方法 login,参数为: [Ljava.lang.Object;@3016804c
2023-12-01 11:24:42.355 {SpringApplicationShutdownHook} INFO  c.alibaba.druid.pool.DruidDataSource - {dataSource-1} closing ...
2023-12-01 11:24:42.360 {SpringApplicationShutdownHook} INFO  c.alibaba.druid.pool.DruidDataSource - {dataSource-1} closed
2023-12-01 11:24:44.343 {main} INFO  com.sxtreh.WebSxtrehApplication - Starting WebSxtrehApplication using Java 17.0.8 on DESKTOP-IJ61QCR with PID 10508 (D:\Project\JavaProject\xiao-xs-personal-main-website\web-user-manage\target\classes started by X in D:\Project\JavaProject\xiao-xs-personal-main-website)
2023-12-01 11:24:44.345 {main} INFO  com.sxtreh.WebSxtrehApplication - The following 1 profile is active: "dev"
2023-12-01 11:24:44.990 {main} INFO  o.s.d.r.c.RepositoryConfigurationDelegate - Multiple Spring Data modules found, entering strict repository configuration mode
2023-12-01 11:24:44.992 {main} INFO  o.s.d.r.c.RepositoryConfigurationDelegate - Bootstrapping Spring Data Redis repositories in DEFAULT mode.
2023-12-01 11:24:45.014 {main} INFO  o.s.d.r.c.RepositoryConfigurationDelegate - Finished Spring Data repository scanning in 11 ms. Found 0 Redis repository interfaces.
2023-12-01 11:24:45.754 {main} INFO  o.s.b.w.e.tomcat.TomcatWebServer - Tomcat initialized with port(s): 8080 (http)
2023-12-01 11:24:45.762 {main} INFO  o.a.catalina.core.StandardService - Starting service [Tomcat]
2023-12-01 11:24:45.762 {main} INFO  o.a.catalina.core.StandardEngine - Starting Servlet engine: [Apache Tomcat/9.0.80]
2023-12-01 11:24:45.879 {main} INFO  o.a.c.c.C.[Tomcat].[localhost].[/] - Initializing Spring embedded WebApplicationContext
2023-12-01 11:24:45.879 {main} INFO  o.s.b.w.s.c.ServletWebServerApplicationContext - Root WebApplicationContext: initialization completed in 1498 ms
2023-12-01 11:24:46.055 {main} INFO  c.a.d.s.b.a.DruidDataSourceAutoConfigure - Init DruidDataSource
2023-12-01 11:24:46.156 {main} INFO  c.alibaba.druid.pool.DruidDataSource - {dataSource-1} inited
2023-12-01 11:24:47.098 {main} INFO  c.sxtreh.config.WebMvcConfiguration - 自动配置Api文档
2023-12-01 11:24:47.146 {main} INFO  c.sxtreh.config.WebMvcConfiguration - 配置静态资源
2023-12-01 11:24:47.740 {main} INFO  o.s.b.w.e.tomcat.TomcatWebServer - Tomcat started on port(s): 8080 (http) with context path ''
2023-12-01 11:24:47.983 {main} INFO  com.sxtreh.WebSxtrehApplication - Started WebSxtrehApplication in 4.004 seconds (JVM running for 4.595)
2023-12-01 11:25:01.743 {SpringApplicationShutdownHook} INFO  c.alibaba.druid.pool.DruidDataSource - {dataSource-1} closing ...
2023-12-01 11:25:01.748 {SpringApplicationShutdownHook} INFO  c.alibaba.druid.pool.DruidDataSource - {dataSource-1} closed
2023-12-01 11:25:03.697 {main} INFO  com.sxtreh.WebSxtrehApplication - Starting WebSxtrehApplication using Java 17.0.8 on DESKTOP-IJ61QCR with PID 2752 (D:\Project\JavaProject\xiao-xs-personal-main-website\web-user-manage\target\classes started by X in D:\Project\JavaProject\xiao-xs-personal-main-website)
2023-12-01 11:25:03.699 {main} INFO  com.sxtreh.WebSxtrehApplication - The following 1 profile is active: "dev"
2023-12-01 11:25:04.342 {main} INFO  o.s.d.r.c.RepositoryConfigurationDelegate - Multiple Spring Data modules found, entering strict repository configuration mode
2023-12-01 11:25:04.344 {main} INFO  o.s.d.r.c.RepositoryConfigurationDelegate - Bootstrapping Spring Data Redis repositories in DEFAULT mode.
2023-12-01 11:25:04.366 {main} INFO  o.s.d.r.c.RepositoryConfigurationDelegate - Finished Spring Data repository scanning in 11 ms. Found 0 Redis repository interfaces.
2023-12-01 11:25:05.086 {main} INFO  o.s.b.w.e.tomcat.TomcatWebServer - Tomcat initialized with port(s): 8080 (http)
2023-12-01 11:25:05.093 {main} INFO  o.a.catalina.core.StandardService - Starting service [Tomcat]
2023-12-01 11:25:05.094 {main} INFO  o.a.catalina.core.StandardEngine - Starting Servlet engine: [Apache Tomcat/9.0.80]
2023-12-01 11:25:05.204 {main} INFO  o.a.c.c.C.[Tomcat].[localhost].[/] - Initializing Spring embedded WebApplicationContext
2023-12-01 11:25:05.205 {main} INFO  o.s.b.w.s.c.ServletWebServerApplicationContext - Root WebApplicationContext: initialization completed in 1471 ms
2023-12-01 11:25:05.378 {main} INFO  c.a.d.s.b.a.DruidDataSourceAutoConfigure - Init DruidDataSource
2023-12-01 11:25:05.479 {main} INFO  c.alibaba.druid.pool.DruidDataSource - {dataSource-1} inited
2023-12-01 11:25:06.396 {main} INFO  c.sxtreh.config.WebMvcConfiguration - 自动配置Api文档
2023-12-01 11:25:06.446 {main} INFO  c.sxtreh.config.WebMvcConfiguration - 配置静态资源
2023-12-01 11:25:07.018 {main} INFO  o.s.b.w.e.tomcat.TomcatWebServer - Tomcat started on port(s): 8080 (http) with context path ''
2023-12-01 11:25:07.258 {main} INFO  com.sxtreh.WebSxtrehApplication - Started WebSxtrehApplication in 3.906 seconds (JVM running for 4.52)
2023-12-01 11:25:53.274 {SpringApplicationShutdownHook} INFO  c.alibaba.druid.pool.DruidDataSource - {dataSource-1} closing ...
2023-12-01 11:25:53.274 {SpringApplicationShutdownHook} INFO  c.alibaba.druid.pool.DruidDataSource - {dataSource-1} closed
2023-12-01 11:25:56.246 {main} INFO  com.sxtreh.WebSxtrehApplication - Starting WebSxtrehApplication using Java 17.0.8 on DESKTOP-IJ61QCR with PID 12616 (D:\Project\JavaProject\xiao-xs-personal-main-website\web-user-manage\target\classes started by X in D:\Project\JavaProject\xiao-xs-personal-main-website)
2023-12-01 11:25:56.248 {main} INFO  com.sxtreh.WebSxtrehApplication - The following 1 profile is active: "dev"
2023-12-01 11:25:56.892 {main} INFO  o.s.d.r.c.RepositoryConfigurationDelegate - Multiple Spring Data modules found, entering strict repository configuration mode
2023-12-01 11:25:56.894 {main} INFO  o.s.d.r.c.RepositoryConfigurationDelegate - Bootstrapping Spring Data Redis repositories in DEFAULT mode.
2023-12-01 11:25:56.916 {main} INFO  o.s.d.r.c.RepositoryConfigurationDelegate - Finished Spring Data repository scanning in 11 ms. Found 0 Redis repository interfaces.
2023-12-01 11:25:57.650 {main} INFO  o.s.b.w.e.tomcat.TomcatWebServer - Tomcat initialized with port(s): 8080 (http)
2023-12-01 11:25:57.657 {main} INFO  o.a.catalina.core.StandardService - Starting service [Tomcat]
2023-12-01 11:25:57.657 {main} INFO  o.a.catalina.core.StandardEngine - Starting Servlet engine: [Apache Tomcat/9.0.80]
2023-12-01 11:25:57.765 {main} INFO  o.a.c.c.C.[Tomcat].[localhost].[/] - Initializing Spring embedded WebApplicationContext
2023-12-01 11:25:57.765 {main} INFO  o.s.b.w.s.c.ServletWebServerApplicationContext - Root WebApplicationContext: initialization completed in 1481 ms
2023-12-01 11:25:57.936 {main} INFO  c.a.d.s.b.a.DruidDataSourceAutoConfigure - Init DruidDataSource
2023-12-01 11:25:58.034 {main} INFO  c.alibaba.druid.pool.DruidDataSource - {dataSource-1} inited
2023-12-01 11:25:58.962 {main} INFO  c.sxtreh.config.WebMvcConfiguration - 自动配置Api文档
2023-12-01 11:25:59.008 {main} INFO  c.sxtreh.config.WebMvcConfiguration - 配置静态资源
2023-12-01 11:25:59.600 {main} INFO  o.s.b.w.e.tomcat.TomcatWebServer - Tomcat started on port(s): 8080 (http) with context path ''
2023-12-01 11:25:59.844 {main} INFO  com.sxtreh.WebSxtrehApplication - Started WebSxtrehApplication in 3.944 seconds (JVM running for 4.497)
2023-12-01 11:26:07.633 {SpringApplicationShutdownHook} INFO  c.alibaba.druid.pool.DruidDataSource - {dataSource-1} closing ...
2023-12-01 11:26:07.634 {SpringApplicationShutdownHook} INFO  c.alibaba.druid.pool.DruidDataSource - {dataSource-1} closed
2023-12-01 11:26:09.559 {main} INFO  com.sxtreh.WebSxtrehApplication - Starting WebSxtrehApplication using Java 17.0.8 on DESKTOP-IJ61QCR with PID 280 (D:\Project\JavaProject\xiao-xs-personal-main-website\web-user-manage\target\classes started by X in D:\Project\JavaProject\xiao-xs-personal-main-website)
2023-12-01 11:26:09.561 {main} INFO  com.sxtreh.WebSxtrehApplication - The following 1 profile is active: "dev"
2023-12-01 11:26:10.199 {main} INFO  o.s.d.r.c.RepositoryConfigurationDelegate - Multiple Spring Data modules found, entering strict repository configuration mode
2023-12-01 11:26:10.202 {main} INFO  o.s.d.r.c.RepositoryConfigurationDelegate - Bootstrapping Spring Data Redis repositories in DEFAULT mode.
2023-12-01 11:26:10.224 {main} INFO  o.s.d.r.c.RepositoryConfigurationDelegate - Finished Spring Data repository scanning in 10 ms. Found 0 Redis repository interfaces.
2023-12-01 11:26:10.965 {main} INFO  o.s.b.w.e.tomcat.TomcatWebServer - Tomcat initialized with port(s): 8080 (http)
2023-12-01 11:26:10.973 {main} INFO  o.a.catalina.core.StandardService - Starting service [Tomcat]
2023-12-01 11:26:10.973 {main} INFO  o.a.catalina.core.StandardEngine - Starting Servlet engine: [Apache Tomcat/9.0.80]
2023-12-01 11:26:11.087 {main} INFO  o.a.c.c.C.[Tomcat].[localhost].[/] - Initializing Spring embedded WebApplicationContext
2023-12-01 11:26:11.087 {main} INFO  o.s.b.w.s.c.ServletWebServerApplicationContext - Root WebApplicationContext: initialization completed in 1491 ms
2023-12-01 11:26:11.272 {main} INFO  c.a.d.s.b.a.DruidDataSourceAutoConfigure - Init DruidDataSource
2023-12-01 11:26:11.376 {main} INFO  c.alibaba.druid.pool.DruidDataSource - {dataSource-1} inited
2023-12-01 11:26:12.298 {main} INFO  c.sxtreh.config.WebMvcConfiguration - 自动配置Api文档
2023-12-01 11:26:12.344 {main} INFO  c.sxtreh.config.WebMvcConfiguration - 配置静态资源
2023-12-01 11:26:12.928 {main} INFO  o.s.b.w.e.tomcat.TomcatWebServer - Tomcat started on port(s): 8080 (http) with context path ''
2023-12-01 11:26:13.165 {main} INFO  com.sxtreh.WebSxtrehApplication - Started WebSxtrehApplication in 3.952 seconds (JVM running for 4.535)
2023-12-01 11:26:24.360 {SpringApplicationShutdownHook} INFO  c.alibaba.druid.pool.DruidDataSource - {dataSource-1} closing ...
2023-12-01 11:26:24.360 {SpringApplicationShutdownHook} INFO  c.alibaba.druid.pool.DruidDataSource - {dataSource-1} closed
2023-12-01 11:26:26.294 {main} INFO  com.sxtreh.WebSxtrehApplication - Starting WebSxtrehApplication using Java 17.0.8 on DESKTOP-IJ61QCR with PID 7404 (D:\Project\JavaProject\xiao-xs-personal-main-website\web-user-manage\target\classes started by X in D:\Project\JavaProject\xiao-xs-personal-main-website)
2023-12-01 11:26:26.296 {main} INFO  com.sxtreh.WebSxtrehApplication - The following 1 profile is active: "dev"
2023-12-01 11:26:26.945 {main} INFO  o.s.d.r.c.RepositoryConfigurationDelegate - Multiple Spring Data modules found, entering strict repository configuration mode
2023-12-01 11:26:26.947 {main} INFO  o.s.d.r.c.RepositoryConfigurationDelegate - Bootstrapping Spring Data Redis repositories in DEFAULT mode.
2023-12-01 11:26:26.970 {main} INFO  o.s.d.r.c.RepositoryConfigurationDelegate - Finished Spring Data repository scanning in 11 ms. Found 0 Redis repository interfaces.
2023-12-01 11:26:27.703 {main} INFO  o.s.b.w.e.tomcat.TomcatWebServer - Tomcat initialized with port(s): 8080 (http)
2023-12-01 11:26:27.710 {main} INFO  o.a.catalina.core.StandardService - Starting service [Tomcat]
2023-12-01 11:26:27.710 {main} INFO  o.a.catalina.core.StandardEngine - Starting Servlet engine: [Apache Tomcat/9.0.80]
2023-12-01 11:26:27.822 {main} INFO  o.a.c.c.C.[Tomcat].[localhost].[/] - Initializing Spring embedded WebApplicationContext
2023-12-01 11:26:27.822 {main} INFO  o.s.b.w.s.c.ServletWebServerApplicationContext - Root WebApplicationContext: initialization completed in 1491 ms
2023-12-01 11:26:27.997 {main} INFO  c.a.d.s.b.a.DruidDataSourceAutoConfigure - Init DruidDataSource
2023-12-01 11:26:28.098 {main} INFO  c.alibaba.druid.pool.DruidDataSource - {dataSource-1} inited
2023-12-01 11:26:29.040 {main} INFO  c.sxtreh.config.WebMvcConfiguration - 自动配置Api文档
2023-12-01 11:26:29.095 {main} INFO  c.sxtreh.config.WebMvcConfiguration - 配置静态资源
2023-12-01 11:26:29.679 {main} INFO  o.s.b.w.e.tomcat.TomcatWebServer - Tomcat started on port(s): 8080 (http) with context path ''
2023-12-01 11:26:29.922 {main} INFO  com.sxtreh.WebSxtrehApplication - Started WebSxtrehApplication in 3.982 seconds (JVM running for 4.558)
2023-12-01 11:30:32.959 {SpringApplicationShutdownHook} INFO  c.alibaba.druid.pool.DruidDataSource - {dataSource-1} closing ...
2023-12-01 11:30:32.959 {SpringApplicationShutdownHook} INFO  c.alibaba.druid.pool.DruidDataSource - {dataSource-1} closed
